<?xml version="1.0" encoding="UTF-8"?>
<!-- Generated by org.testng.reporters.JUnitReportReporter -->
<testsuite hostname="LAPTOP-BOP5U79R" name="cyb.ttp.lab2.Test_0" tests="3" failures="0" timestamp="5 Dec 2021 11:08:25 GMT" time="1.625" errors="0">
  <testcase name="test_0_0_open" time="1.625" classname="cyb.ttp.lab2.Test_0"/>
  <testcase name="test_0_0_open" time="0.000" classname="cyb.ttp.lab2.Test_0"/>
  <testcase name="test_0_0_open" time="0.000" classname="cyb.ttp.lab2.Test_0"/>
</testsuite> <!-- cyb.ttp.lab2.Test_0 -->
